current directory: /Users/colinreinhart/turing/2Module/ics/apollo_14/gems/date-3.3.4/ext/date
/Users/colinreinhart/.rbenv/versions/3.2.2/bin/ruby extconf.rb
checking for rb_category_warn()... yes
checking for timezone in time.h with  -Werror... yes
checking for altzone in time.h with  -Werror... no
creating Makefile

current directory: /Users/colinreinhart/turing/2Module/ics/apollo_14/gems/date-3.3.4/ext/date
make DESTDIR\= sitearchdir\=./.gem.20250401-41952-hlyshu sitelibdir\=./.gem.20250401-41952-hlyshu clean

current directory: /Users/colinreinhart/turing/2Module/ics/apollo_14/gems/date-3.3.4/ext/date
make DESTDIR\= sitearchdir\=./.gem.20250401-41952-hlyshu sitelibdir\=./.gem.20250401-41952-hlyshu
compiling date_core.c
compiling date_parse.c
compiling date_strftime.c
compiling date_strptime.c
linking shared-object date_core.bundle
ld: warning: ignoring duplicate libraries: '-lruby.3.2'

current directory: /Users/colinreinhart/turing/2Module/ics/apollo_14/gems/date-3.3.4/ext/date
make DESTDIR\= sitearchdir\=./.gem.20250401-41952-hlyshu sitelibdir\=./.gem.20250401-41952-hlyshu install
/usr/local/bin/ginstall -c -m 0755 date_core.bundle ./.gem.20250401-41952-hlyshu

current directory: /Users/colinreinhart/turing/2Module/ics/apollo_14/gems/date-3.3.4/ext/date
make DESTDIR\= sitearchdir\=./.gem.20250401-41952-hlyshu sitelibdir\=./.gem.20250401-41952-hlyshu clean
