current directory: /Users/colinreinhart/turing/2Module/ics/apollo_14/gems/msgpack-1.7.1/ext/msgpack
/Users/colinreinhart/.rbenv/versions/3.2.2/bin/ruby extconf.rb
checking for ruby/st.h... yes
checking for st.h... no
checking for rb_enc_interned_str() in ruby.h... yes
checking for rb_hash_new_capa() in ruby.h... yes
checking for whether -fvisibility=hidden is accepted as CFLAGS... yes
checking for whether -I.. is accepted as CFLAGS... yes
checking for whether -Wall is accepted as CFLAGS... yes
checking for whether -O3 is accepted as CFLAGS... yes
checking for whether -std=gnu99 is accepted as CFLAGS... yes
checking for whether -ggdb3 is accepted as CFLAGS... yes
checking for whether -DHASH_ASET_DEDUPE=1 is accepted as CFLAGS... yes
checking for whether -DSTR_UMINUS_DEDUPE_FROZEN=1 is accepted as CFLAGS... yes
creating Makefile

current directory: /Users/colinreinhart/turing/2Module/ics/apollo_14/gems/msgpack-1.7.1/ext/msgpack
make DESTDIR\= sitearchdir\=./.gem.20250401-41952-67ty15 sitelibdir\=./.gem.20250401-41952-67ty15 clean

current directory: /Users/colinreinhart/turing/2Module/ics/apollo_14/gems/msgpack-1.7.1/ext/msgpack
make DESTDIR\= sitearchdir\=./.gem.20250401-41952-67ty15 sitelibdir\=./.gem.20250401-41952-67ty15
compiling buffer.c
compiling buffer_class.c
compiling extension_value_class.c
compiling factory_class.c
compiling packer.c
compiling packer_class.c
compiling packer_ext_registry.c
compiling rbinit.c
compiling rmem.c
compiling unpacker.c
compiling unpacker_class.c
compiling unpacker_ext_registry.c
linking shared-object msgpack/msgpack.bundle
ld: warning: ignoring duplicate libraries: '-lruby.3.2'

current directory: /Users/colinreinhart/turing/2Module/ics/apollo_14/gems/msgpack-1.7.1/ext/msgpack
make DESTDIR\= sitearchdir\=./.gem.20250401-41952-67ty15 sitelibdir\=./.gem.20250401-41952-67ty15 install
/usr/local/bin/ginstall -c -m 0755 msgpack.bundle ./.gem.20250401-41952-67ty15/msgpack

current directory: /Users/colinreinhart/turing/2Module/ics/apollo_14/gems/msgpack-1.7.1/ext/msgpack
make DESTDIR\= sitearchdir\=./.gem.20250401-41952-67ty15 sitelibdir\=./.gem.20250401-41952-67ty15 clean
